[Sat Dec  4 14:27:22 2021] [status]  Starting the RPC Server...
[Sat Dec  4 14:27:22 2021] [status]  Populating the pool with 5  Instances.
[Sat Dec  4 14:27:22 2021] [status]  Instance added to pool -- PID: 2622728 - Port: 47523 - Owner: dispatcher
[Sat Dec  4 14:27:22 2021] [status]  Instance added to pool -- PID: 2622731 - Port: 9279 - Owner: dispatcher
[Sat Dec  4 14:27:22 2021] [status]  Instance added to pool -- PID: 2622734 - Port: 4711 - Owner: dispatcher
[Sat Dec  4 14:27:22 2021] [status]  Instance added to pool -- PID: 2622737 - Port: 17241 - Owner: dispatcher
[Sat Dec  4 14:27:22 2021] [status]  Instance added to pool -- PID: 2622740 - Port: 40547 - Owner: dispatcher
[Sat Dec  4 14:27:22 2021] [status]  Waiting for Instances to come on-line.
[Sat Dec  4 14:27:24 2021] [status]  Instances are on-line.
[Sat Dec  4 14:27:24 2021] [status]  Initializing grid node...
[Sat Dec  4 14:27:24 2021] [status]  Node ready.
[Sat Dec  4 14:27:24 2021] [info]  Updated neighbours:
[Sat Dec  4 14:27:24 2021] [info]  <empty>
[Sat Dec  4 14:27:24 2021] [status]  Ready
[Sat Dec  4 14:27:24 2021] [status]  Adding neighbour: 127.0.0.1:34339
[Sat Dec  4 14:27:24 2021] [info]  Updated neighbours:
[Sat Dec  4 14:27:24 2021] [info]  ---- 127.0.0.1:34339
[Sat Dec  4 14:27:24 2021] [status]  Advertising: 127.0.0.1:34339
[Sat Dec  4 14:27:24 2021] [status]  Instance dispatched -- PID: 2622731 - Port: 9279 - Owner: unknown
[Sat Dec  4 14:27:24 2021] [status]  Instance added to pool -- PID: 2622751 - Port: 35393 - Owner: dispatcher
[Sat Dec  4 14:27:24 2021] [status]  Instance dispatched -- PID: 2622728 - Port: 47523 - Owner: unknown
[Sat Dec  4 14:27:24 2021] [status]  Instance dispatched -- PID: 2622737 - Port: 17241 - Owner: unknown
