[Sat Dec  4 14:26:08 2021] [status]  Starting the RPC Server...
[Sat Dec  4 14:26:08 2021] [status]  Populating the pool with 5  Instances.
[Sat Dec  4 14:26:08 2021] [status]  Instance added to pool -- PID: 2621377 - Port: 28729 - Owner: dispatcher
[Sat Dec  4 14:26:08 2021] [status]  Instance added to pool -- PID: 2621380 - Port: 10197 - Owner: dispatcher
[Sat Dec  4 14:26:08 2021] [status]  Instance added to pool -- PID: 2621383 - Port: 54151 - Owner: dispatcher
[Sat Dec  4 14:26:08 2021] [status]  Instance added to pool -- PID: 2621386 - Port: 21315 - Owner: dispatcher
[Sat Dec  4 14:26:08 2021] [status]  Instance added to pool -- PID: 2621389 - Port: 31339 - Owner: dispatcher
[Sat Dec  4 14:26:08 2021] [status]  Waiting for Instances to come on-line.
[Sat Dec  4 14:26:09 2021] [status]  Instances are on-line.
[Sat Dec  4 14:26:09 2021] [status]  Initializing grid node...
[Sat Dec  4 14:26:09 2021] [status]  Node ready.
[Sat Dec  4 14:26:09 2021] [info]  Updated neighbours:
[Sat Dec  4 14:26:09 2021] [info]  <empty>
[Sat Dec  4 14:26:09 2021] [status]  Ready
[Sat Dec  4 14:26:10 2021] [status]  Instance dispatched -- PID: 2621377 - Port: 28729 - Owner: unknown
[Sat Dec  4 14:26:10 2021] [status]  Instance added to pool -- PID: 2621402 - Port: 21760 - Owner: dispatcher
[Sat Dec  4 14:26:10 2021] [status]  Instance dispatched -- PID: 2621383 - Port: 54151 - Owner: unknown
[Sat Dec  4 14:26:10 2021] [status]  Instance dispatched -- PID: 2621380 - Port: 10197 - Owner: unknown
[Sat Dec  4 14:26:10 2021] [status]  Instance dispatched -- PID: 2621386 - Port: 21315 - Owner: unknown
[Sat Dec  4 14:26:10 2021] [status]  Instance dispatched -- PID: 2621389 - Port: 31339 - Owner: unknown
