[Sat Dec  4 14:26:34 2021] [status]  Starting the RPC Server...
[Sat Dec  4 14:26:34 2021] [status]  Populating the pool with 5  Instances.
[Sat Dec  4 14:26:34 2021] [status]  Instance added to pool -- PID: 2621977 - Port: 56343 - Owner: dispatcher
[Sat Dec  4 14:26:34 2021] [status]  Instance added to pool -- PID: 2621980 - Port: 30551 - Owner: dispatcher
[Sat Dec  4 14:26:34 2021] [status]  Instance added to pool -- PID: 2621983 - Port: 6451 - Owner: dispatcher
[Sat Dec  4 14:26:34 2021] [status]  Instance added to pool -- PID: 2621986 - Port: 18497 - Owner: dispatcher
[Sat Dec  4 14:26:34 2021] [status]  Instance added to pool -- PID: 2621989 - Port: 42958 - Owner: dispatcher
[Sat Dec  4 14:26:34 2021] [status]  Waiting for Instances to come on-line.
[Sat Dec  4 14:26:36 2021] [status]  Instances are on-line.
[Sat Dec  4 14:26:36 2021] [status]  Initializing grid node...
[Sat Dec  4 14:26:36 2021] [status]  Node ready.
[Sat Dec  4 14:26:36 2021] [info]  Updated neighbours:
[Sat Dec  4 14:26:36 2021] [info]  <empty>
[Sat Dec  4 14:26:36 2021] [status]  Ready
[Sat Dec  4 14:26:36 2021] [status]  Instance dispatched -- PID: 2621986 - Port: 18497 - Owner: unknown
[Sat Dec  4 14:26:36 2021] [status]  Instance added to pool -- PID: 2622094 - Port: 11759 - Owner: dispatcher
[Sat Dec  4 14:26:36 2021] [status]  Instance dispatched -- PID: 2621983 - Port: 6451 - Owner: unknown
[Sat Dec  4 14:26:36 2021] [status]  Instance dispatched -- PID: 2621977 - Port: 56343 - Owner: unknown
[Sat Dec  4 14:26:36 2021] [status]  Instance dispatched -- PID: 2621980 - Port: 30551 - Owner: unknown
[Sat Dec  4 14:26:36 2021] [status]  Instance dispatched -- PID: 2621989 - Port: 42958 - Owner: unknown
[Sat Dec  4 14:26:37 2021] [status]  Instance dispatched -- PID: 2622094 - Port: 11759 - Owner: unknown
[Sat Dec  4 14:26:37 2021] [status]  Instance added to pool -- PID: 2622184 - Port: 18085 - Owner: dispatcher
[Sat Dec  4 14:26:38 2021] [status]  Instance dispatched -- PID: 2622184 - Port: 18085 - Owner: unknown
[Sat Dec  4 14:26:38 2021] [status]  Instance added to pool -- PID: 2622271 - Port: 51652 - Owner: dispatcher
[Sat Dec  4 14:26:40 2021] [status]  Instance dispatched -- PID: 2622271 - Port: 51652 - Owner: unknown
[Sat Dec  4 14:26:40 2021] [status]  Instance added to pool -- PID: 2622419 - Port: 7246 - Owner: dispatcher
[Sat Dec  4 14:26:41 2021] [status]  Instance dispatched -- PID: 2622419 - Port: 7246 - Owner: unknown
[Sat Dec  4 14:26:41 2021] [status]  Instance added to pool -- PID: 2622447 - Port: 37758 - Owner: dispatcher
[Sat Dec  4 14:26:42 2021] [status]  Instance dispatched -- PID: 2622447 - Port: 37758 - Owner: unknown
[Sat Dec  4 14:26:42 2021] [status]  Instance added to pool -- PID: 2622525 - Port: 57581 - Owner: dispatcher
[Sat Dec  4 14:26:44 2021] [status]  Instance dispatched -- PID: 2622525 - Port: 57581 - Owner: unknown
[Sat Dec  4 14:26:44 2021] [status]  Instance added to pool -- PID: 2622529 - Port: 3798 - Owner: dispatcher
[Sat Dec  4 14:26:45 2021] [status]  Instance dispatched -- PID: 2622529 - Port: 3798 - Owner: unknown
[Sat Dec  4 14:26:45 2021] [status]  Instance added to pool -- PID: 2622546 - Port: 32420 - Owner: dispatcher
[Sat Dec  4 14:26:46 2021] [status]  Instance dispatched -- PID: 2622546 - Port: 32420 - Owner: unknown
[Sat Dec  4 14:26:46 2021] [status]  Instance added to pool -- PID: 2622553 - Port: 6897 - Owner: dispatcher
[Sat Dec  4 14:26:47 2021] [status]  Instance dispatched -- PID: 2622553 - Port: 6897 - Owner: unknown
[Sat Dec  4 14:26:47 2021] [status]  Instance added to pool -- PID: 2622557 - Port: 11113 - Owner: dispatcher
[Sat Dec  4 14:26:48 2021] [status]  Instance dispatched -- PID: 2622557 - Port: 11113 - Owner: unknown
[Sat Dec  4 14:26:48 2021] [status]  Instance added to pool -- PID: 2622561 - Port: 61489 - Owner: dispatcher
[Sat Dec  4 14:26:50 2021] [status]  Instance dispatched -- PID: 2622561 - Port: 61489 - Owner: unknown
[Sat Dec  4 14:26:50 2021] [status]  Instance added to pool -- PID: 2622566 - Port: 63280 - Owner: dispatcher
[Sat Dec  4 14:26:51 2021] [status]  Instance dispatched -- PID: 2622566 - Port: 63280 - Owner: unknown
[Sat Dec  4 14:26:51 2021] [status]  Instance added to pool -- PID: 2622570 - Port: 30724 - Owner: dispatcher
[Sat Dec  4 14:26:52 2021] [status]  Instance dispatched -- PID: 2622570 - Port: 30724 - Owner: unknown
[Sat Dec  4 14:26:52 2021] [status]  Instance added to pool -- PID: 2622574 - Port: 64106 - Owner: dispatcher
[Sat Dec  4 14:26:53 2021] [status]  Instance dispatched -- PID: 2622574 - Port: 64106 - Owner: unknown
[Sat Dec  4 14:26:53 2021] [status]  Instance added to pool -- PID: 2622578 - Port: 64440 - Owner: dispatcher
[Sat Dec  4 14:26:55 2021] [status]  Instance dispatched -- PID: 2622578 - Port: 64440 - Owner: unknown
[Sat Dec  4 14:26:55 2021] [status]  Instance added to pool -- PID: 2622582 - Port: 63085 - Owner: dispatcher
